{"C:\\Users\\VS 47\\Documents\\GitHub\\To_Do_list\\src\\addRemove.js": {"path":"C:\\Users\\VS 47\\Documents\\GitHub\\To_Do_list\\src\\addRemove.js","statementMap":{"0":{"start":{"line":2,"column":2},"end":{"line":2,"column":23}},"1":{"start":{"line":6,"column":2},"end":{"line":6,"column":30}}},"fnMap":{"0":{"name":"addTask","decl":{"start":{"line":1,"column":9},"end":{"line":1,"column":16}},"loc":{"start":{"line":1,"column":27},"end":{"line":3,"column":1}},"line":1},"1":{"name":"removeTask","decl":{"start":{"line":5,"column":9},"end":{"line":5,"column":19}},"loc":{"start":{"line":5,"column":32},"end":{"line":7,"column":1}},"line":5}},"branchMap":{},"s":{"0":2,"1":1},"f":{"0":2,"1":1},"b":{},"_coverageSchema":"1a1c01bbd47fc00a2c39e90264f33305004495a9","hash":"5c34f3075aaf45b936dd2014c55f9e7a8320f20f"}
}
