{"C:\\Users\\EL MANOUM\\Desktop\\repos\\Microverse projects\\To_Do_list\\src\\addRemove.js": {"path":"C:\\Users\\EL MANOUM\\Desktop\\repos\\Microverse projects\\To_Do_list\\src\\addRemove.js","statementMap":{"0":{"start":{"line":2,"column":2},"end":{"line":2,"column":23}},"1":{"start":{"line":6,"column":2},"end":{"line":6,"column":30}},"2":{"start":{"line":12,"column":22},"end":{"line":12,"column":40}},"3":{"start":{"line":13,"column":20},"end":{"line":13,"column":51}},"4":{"start":{"line":14,"column":2},"end":{"line":14,"column":26}},"5":{"start":{"line":15,"column":2},"end":{"line":15,"column":32}},"6":{"start":{"line":16,"column":2},"end":{"line":16,"column":34}},"7":{"start":{"line":17,"column":2},"end":{"line":17,"column":40}},"8":{"start":{"line":18,"column":2},"end":{"line":18,"column":20}},"9":{"start":{"line":19,"column":2},"end":{"line":19,"column":21}},"10":{"start":{"line":23,"column":2},"end":{"line":28,"column":3}},"11":{"start":{"line":24,"column":17},"end":{"line":24,"column":47}},"12":{"start":{"line":25,"column":4},"end":{"line":25,"column":27}},"13":{"start":{"line":26,"column":4},"end":{"line":26,"column":28}},"14":{"start":{"line":27,"column":4},"end":{"line":27,"column":23}},"15":{"start":{"line":32,"column":16},"end":{"line":32,"column":27}},"16":{"start":{"line":33,"column":19},"end":{"line":33,"column":54}},"17":{"start":{"line":34,"column":17},"end":{"line":34,"column":33}},"18":{"start":{"line":35,"column":2},"end":{"line":44,"column":3}},"19":{"start":{"line":35,"column":15},"end":{"line":35,"column":16}},"20":{"start":{"line":36,"column":17},"end":{"line":36,"column":54}},"21":{"start":{"line":37,"column":4},"end":{"line":43,"column":5}},"22":{"start":{"line":38,"column":6},"end":{"line":38,"column":31}},"23":{"start":{"line":39,"column":6},"end":{"line":39,"column":36}},"24":{"start":{"line":40,"column":11},"end":{"line":43,"column":5}},"25":{"start":{"line":41,"column":6},"end":{"line":41,"column":32}},"26":{"start":{"line":42,"column":6},"end":{"line":42,"column":36}},"27":{"start":{"line":48,"column":26},"end":{"line":48,"column":73}},"28":{"start":{"line":48,"column":48},"end":{"line":48,"column":72}},"29":{"start":{"line":49,"column":2},"end":{"line":49,"column":66}},"30":{"start":{"line":49,"column":41},"end":{"line":49,"column":62}},"31":{"start":{"line":50,"column":2},"end":{"line":50,"column":25}},"32":{"start":{"line":51,"column":2},"end":{"line":51,"column":14}}},"fnMap":{"0":{"name":"addTask","decl":{"start":{"line":1,"column":9},"end":{"line":1,"column":16}},"loc":{"start":{"line":1,"column":27},"end":{"line":3,"column":1}},"line":1},"1":{"name":"removeTask","decl":{"start":{"line":5,"column":9},"end":{"line":5,"column":19}},"loc":{"start":{"line":5,"column":32},"end":{"line":7,"column":1}},"line":5},"2":{"name":"UpdateTask","decl":{"start":{"line":11,"column":16},"end":{"line":11,"column":26}},"loc":{"start":{"line":11,"column":30},"end":{"line":20,"column":1}},"line":11},"3":{"name":"saveUpdatedTask","decl":{"start":{"line":22,"column":16},"end":{"line":22,"column":31}},"loc":{"start":{"line":22,"column":62},"end":{"line":29,"column":1}},"line":22},"4":{"name":"UpdateStatus","decl":{"start":{"line":31,"column":24},"end":{"line":31,"column":36}},"loc":{"start":{"line":31,"column":46},"end":{"line":45,"column":1}},"line":31},"5":{"name":"clearAll","decl":{"start":{"line":47,"column":16},"end":{"line":47,"column":24}},"loc":{"start":{"line":47,"column":31},"end":{"line":52,"column":1}},"line":47},"6":{"name":"(anonymous_6)","decl":{"start":{"line":48,"column":38},"end":{"line":48,"column":39}},"loc":{"start":{"line":48,"column":48},"end":{"line":48,"column":72}},"line":48},"7":{"name":"(anonymous_7)","decl":{"start":{"line":49,"column":26},"end":{"line":49,"column":27}},"loc":{"start":{"line":49,"column":39},"end":{"line":49,"column":64}},"line":49}},"branchMap":{"0":{"loc":{"start":{"line":23,"column":2},"end":{"line":28,"column":3}},"type":"if","locations":[{"start":{"line":23,"column":2},"end":{"line":28,"column":3}},{"start":{},"end":{}}],"line":23},"1":{"loc":{"start":{"line":37,"column":4},"end":{"line":43,"column":5}},"type":"if","locations":[{"start":{"line":37,"column":4},"end":{"line":43,"column":5}},{"start":{"line":40,"column":11},"end":{"line":43,"column":5}}],"line":37},"2":{"loc":{"start":{"line":37,"column":8},"end":{"line":37,"column":59}},"type":"binary-expr","locations":[{"start":{"line":37,"column":8},"end":{"line":37,"column":40}},{"start":{"line":37,"column":44},"end":{"line":37,"column":59}}],"line":37},"3":{"loc":{"start":{"line":40,"column":11},"end":{"line":43,"column":5}},"type":"if","locations":[{"start":{"line":40,"column":11},"end":{"line":43,"column":5}},{"start":{},"end":{}}],"line":40},"4":{"loc":{"start":{"line":40,"column":15},"end":{"line":40,"column":67}},"type":"binary-expr","locations":[{"start":{"line":40,"column":15},"end":{"line":40,"column":47}},{"start":{"line":40,"column":51},"end":{"line":40,"column":67}}],"line":40}},"s":{"0":2,"1":2,"2":0,"3":0,"4":0,"5":0,"6":0,"7":0,"8":0,"9":0,"10":0,"11":0,"12":0,"13":0,"14":0,"15":0,"16":0,"17":0,"18":0,"19":0,"20":0,"21":0,"22":0,"23":0,"24":0,"25":0,"26":0,"27":3,"28":5,"29":3,"30":2,"31":3,"32":3},"f":{"0":2,"1":2,"2":0,"3":0,"4":0,"5":3,"6":5,"7":2},"b":{"0":[0,0],"1":[0,0],"2":[0,0],"3":[0,0],"4":[0,0]},"_coverageSchema":"1a1c01bbd47fc00a2c39e90264f33305004495a9","hash":"75c1106faf7f825931a03a64b1787756bd1d2f52"}
}
