TN:
SF:src\testing.js
FN:1,UpdateTask
FN:12,saveUpdatedTask
FN:21,UpdateStatus
FN:37,clearAll
FN:38,(anonymous_4)
FN:39,(anonymous_5)
FNF:6
FNH:6
FNDA:1,UpdateTask
FNDA:1,saveUpdatedTask
FNDA:1,UpdateStatus
FNDA:3,clearAll
FNDA:5,(anonymous_4)
FNDA:2,(anonymous_5)
DA:2,1
DA:3,1
DA:4,1
DA:5,1
DA:6,1
DA:7,1
DA:8,1
DA:9,1
DA:13,1
DA:14,1
DA:15,1
DA:16,1
DA:17,1
DA:22,1
DA:23,1
DA:24,1
DA:25,1
DA:26,1
DA:27,1
DA:28,0
DA:29,0
DA:30,1
DA:31,1
DA:32,1
DA:38,5
DA:39,3
DA:40,3
DA:41,3
LF:28
LH:26
BRDA:13,0,0,1
BRDA:13,0,1,0
BRDA:27,1,0,0
BRDA:27,1,1,1
BRDA:27,2,0,1
BRDA:27,2,1,1
BRDA:30,3,0,1
BRDA:30,3,1,0
BRDA:30,4,0,1
BRDA:30,4,1,1
BRF:10
BRH:7
end_of_record
