TN:
SF:src\addRemove.js
FN:1,addTask
FN:5,removeTask
FN:11,UpdateTask
FN:22,saveUpdatedTask
FN:31,UpdateStatus
FN:47,clearAll
FN:48,(anonymous_6)
FN:49,(anonymous_7)
FNF:8
FNH:6
FNDA:2,addTask
FNDA:2,removeTask
FNDA:0,UpdateTask
FNDA:0,saveUpdatedTask
FNDA:1,UpdateStatus
FNDA:3,clearAll
FNDA:5,(anonymous_6)
FNDA:2,(anonymous_7)
DA:2,2
DA:6,2
DA:12,0
DA:13,0
DA:14,0
DA:15,0
DA:16,0
DA:17,0
DA:18,0
DA:19,0
DA:23,0
DA:24,0
DA:25,0
DA:26,0
DA:27,0
DA:32,1
DA:33,1
DA:34,1
DA:35,1
DA:36,1
DA:37,1
DA:38,0
DA:39,0
DA:40,1
DA:41,1
DA:42,1
DA:48,5
DA:49,3
DA:50,3
DA:51,3
LF:30
LH:15
BRDA:23,0,0,0
BRDA:23,0,1,0
BRDA:37,1,0,0
BRDA:37,1,1,1
BRDA:37,2,0,1
BRDA:37,2,1,1
BRDA:40,3,0,1
BRDA:40,3,1,0
BRDA:40,4,0,1
BRDA:40,4,1,1
BRF:10
BRH:6
end_of_record
